<?xml version="1.0" encoding="UTF-8"?>
<!-- Generated by org.testng.reporters.JUnitReportReporter -->
<testsuite skipped="0" hostname="5CG85080BM" name="com.cucumber.uvs.ecom.test.runner.GenericRunner" tests="9" failures="1" timestamp="05 Aug 2019 01:29:59 GMT" time="330.495" errors="0">
  <testcase name="runScenario" time="144.193" classname="com.cucumber.uvs.ecom.test.runner.GenericRunner"/>
  <testcase name="runScenario" time="1.328" classname="com.cucumber.uvs.ecom.test.runner.GenericRunner"/>
  <testcase name="runScenario" time="60.155" classname="com.cucumber.uvs.ecom.test.runner.GenericRunner">
    <failure type="java.lang.AssertionError" message="expected [509254] but found []">
      <![CDATA[java.lang.AssertionError: expected [509254] but found []
at org.testng.Assert.fail(Assert.java:96)
at org.testng.Assert.failNotEquals(Assert.java:776)
at org.testng.Assert.assertEqualsImpl(Assert.java:137)
at org.testng.Assert.assertEquals(Assert.java:118)
at org.testng.Assert.assertEquals(Assert.java:453)
at org.testng.Assert.assertEquals(Assert.java:463)
at com.cucumber.uvs.ecom.test.stepdefinition.ExportComposureTemplatesSteps.user_should_be_able_to_see_the_record_in_Channel_Advisor_in_the_response(ExportComposureTemplatesSteps.java:247)
at âœ½.user should be able to see the record in Channel Advisor "509254" in the response(featurefile/SetSellableItemStatusAPI.feature:46)
]]>
    </failure>
  </testcase> <!-- runScenario -->
  <testcase name="runScenario" time="6.293" classname="com.cucumber.uvs.ecom.test.runner.GenericRunner"/>
  <testcase name="runScenario" time="6.185" classname="com.cucumber.uvs.ecom.test.runner.GenericRunner"/>
  <testcase name="runScenario" time="1.217" classname="com.cucumber.uvs.ecom.test.runner.GenericRunner"/>
  <testcase name="runScenario" time="104.632" classname="com.cucumber.uvs.ecom.test.runner.GenericRunner"/>
  <testcase name="runScenario" time="1.307" classname="com.cucumber.uvs.ecom.test.runner.GenericRunner"/>
  <testcase name="runScenario" time="5.185" classname="com.cucumber.uvs.ecom.test.runner.GenericRunner"/>
</testsuite> <!-- com.cucumber.uvs.ecom.test.runner.GenericRunner -->
