<?xml version="1.0" encoding="UTF-8"?>
<!-- Generated by org.testng.reporters.JUnitXMLReporter -->
<testsuite hostname="BalajiSingh-278109" ignored="0" name="Tests" tests="1" failures="1" timestamp="30 Jun 2020 11:26:05 GMT" time="1.239" errors="0">
  <testcase name="runScenario" time="0.038" classname="cucumber.api.testng.AbstractTestNGCucumberTests">
    <failure type="cucumber.runtime.CucumberException" message="java.net.URISyntaxException: Illegal character in path at index 21: file:/C:/Users/Balaji SIngh/.m2/repository/io/cucumber/cucumber-java/4.2.1/cucumber-java-4.2.1.jar">
      <![CDATA[cucumber.runtime.CucumberException: java.net.URISyntaxException: Illegal character in path at index 21: file:/C:/Users/Balaji SIngh/.m2/repository/io/cucumber/cucumber-java/4.2.1/cucumber-java-4.2.1.jar
at cucumber.runtime.io.Helpers.filePath(Helpers.java:24)
at cucumber.runtime.io.Helpers.jarFilePath(Helpers.java:37)
at cucumber.runtime.io.ZipResourceIteratorFactory.createIterator(ZipResourceIteratorFactory.java:23)
at cucumber.runtime.io.ZipThenFileResourceIteratorFactory.createIterator(ZipThenFileResourceIteratorFactory.java:21)
at cucumber.runtime.io.DelegatingResourceIteratorFactory.createIterator(DelegatingResourceIteratorFactory.java:49)
at cucumber.runtime.io.ClasspathResourceIterable.iterator(ClasspathResourceIterable.java:31)
at cucumber.runtime.io.ResourceLoaderClassFinder.getDescendants(ResourceLoaderClassFinder.java:24)
at cucumber.runtime.Reflections.instantiateSubclasses(Reflections.java:33)
at cucumber.runtime.BackendModuleBackendSupplier.loadBackends(BackendModuleBackendSupplier.java:51)
at cucumber.runtime.BackendModuleBackendSupplier.get(BackendModuleBackendSupplier.java:38)
at cucumber.runner.ThreadLocalRunnerSupplier.createRunner(ThreadLocalRunnerSupplier.java:42)
at cucumber.runner.ThreadLocalRunnerSupplier.access$000(ThreadLocalRunnerSupplier.java:13)
at cucumber.runner.ThreadLocalRunnerSupplier$1.initialValue(ThreadLocalRunnerSupplier.java:22)
at cucumber.runner.ThreadLocalRunnerSupplier$1.initialValue(ThreadLocalRunnerSupplier.java:19)
at java.lang.ThreadLocal.setInitialValue(ThreadLocal.java:180)
at java.lang.ThreadLocal.get(ThreadLocal.java:170)
at cucumber.runner.ThreadLocalRunnerSupplier.get(ThreadLocalRunnerSupplier.java:38)
at cucumber.api.testng.TestNGCucumberRunner.runScenario(TestNGCucumberRunner.java:63)
at cucumber.api.testng.AbstractTestNGCucumberTests.runScenario(AbstractTestNGCucumberTests.java:22)
at org.apache.maven.plugin.surefire.InPluginVMSurefireStarter.runSuitesInProcess(InPluginVMSurefireStarter.java:87)
at org.apache.maven.plugin.surefire.AbstractSurefireMojo.executeProvider(AbstractSurefireMojo.java:1142)
at org.apache.maven.plugin.surefire.AbstractSurefireMojo.executeAfterPreconditionsChecked(AbstractSurefireMojo.java:1000)
at org.apache.maven.plugin.surefire.AbstractSurefireMojo.execute(AbstractSurefireMojo.java:846)
at org.apache.maven.plugin.DefaultBuildPluginManager.executeMojo(DefaultBuildPluginManager.java:134)
at org.apache.maven.lifecycle.internal.MojoExecutor.execute(MojoExecutor.java:207)
at org.apache.maven.lifecycle.internal.MojoExecutor.execute(MojoExecutor.java:153)
at org.apache.maven.lifecycle.internal.MojoExecutor.execute(MojoExecutor.java:145)
at org.apache.maven.lifecycle.internal.LifecycleModuleBuilder.buildProject(LifecycleModuleBuilder.java:116)
at org.apache.maven.lifecycle.internal.LifecycleModuleBuilder.buildProject(LifecycleModuleBuilder.java:80)
at org.apache.maven.lifecycle.internal.builder.singlethreaded.SingleThreadedBuilder.build(SingleThreadedBuilder.java:51)
at org.apache.maven.lifecycle.internal.LifecycleStarter.execute(LifecycleStarter.java:128)
at org.apache.maven.DefaultMaven.doExecute(DefaultMaven.java:307)
at org.apache.maven.DefaultMaven.doExecute(DefaultMaven.java:193)
at org.apache.maven.DefaultMaven.execute(DefaultMaven.java:106)
at org.apache.maven.cli.MavenCli.execute(MavenCli.java:863)
at org.apache.maven.cli.MavenCli.doMain(MavenCli.java:288)
at org.apache.maven.cli.MavenCli.main(MavenCli.java:199)
at org.codehaus.plexus.classworlds.launcher.Launcher.launchEnhanced(Launcher.java:289)
at org.codehaus.plexus.classworlds.launcher.Launcher.launch(Launcher.java:229)
at org.codehaus.plexus.classworlds.launcher.Launcher.mainWithExitCode(Launcher.java:415)
at org.codehaus.plexus.classworlds.launcher.Launcher.main(Launcher.java:356)
Caused by: java.net.URISyntaxException: Illegal character in path at index 21: file:/C:/Users/Balaji SIngh/.m2/repository/io/cucumber/cucumber-java/4.2.1/cucumber-java-4.2.1.jar
at java.net.URI$Parser.fail(URI.java:2847)
at java.net.URI$Parser.checkChars(URI.java:3020)
at java.net.URI$Parser.parseHierarchical(URI.java:3104)
at java.net.URI$Parser.parse(URI.java:3052)
at java.net.URI.<init>(URI.java:588)
at java.net.URL.toURI(URL.java:963)
at cucumber.runtime.io.Helpers.filePath(Helpers.java:22)
... 76 more
... Removed 36 stack frames]]>
    </failure>
  </testcase> <!-- runScenario -->
</testsuite> <!-- Tests -->
